<?xml version="1.0" encoding="UTF-8" standalone="yes"?>
<ns2:test-suite start="1489958681455" stop="1489958720190" version="1.4.23.HOTFIX1" xmlns:ns2="urn:model.allure.qatools.yandex.ru">
    <name>com.rozetka.TestMain</name>
    <test-cases>
        <test-case start="1489958681464" stop="1489958718476" status="broken">
            <name>testOpeningMainPage[0]</name>
            <title>First test!</title>
            <description type="text">Testing smart phone menu </description>
            <failure>
                <message>NumberFormatException: For input string: "2 999 грн"</message>
                <stack-trace>java.lang.NumberFormatException: For input string: "2 999 грн"
	at java.lang.NumberFormatException.forInputString(NumberFormatException.java:65)
	at java.lang.Integer.parseInt(Integer.java:580)
	at java.lang.Integer.parseInt(Integer.java:615)
	at com.rozetka.pages.PhonePage.isMainPriceLowerThan(PhonePage.java:66)
	at com.rozetka.TestMain.testOpeningMainPage(TestMain.java:50)
	at sun.reflect.NativeMethodAccessorImpl.invoke0(Native Method)
	at sun.reflect.NativeMethodAccessorImpl.invoke(NativeMethodAccessorImpl.java:62)
	at sun.reflect.DelegatingMethodAccessorImpl.invoke(DelegatingMethodAccessorImpl.java:43)
	at java.lang.reflect.Method.invoke(Method.java:498)
	at org.junit.runners.model.FrameworkMethod$1.runReflectiveCall(FrameworkMethod.java:50)
	at org.junit.internal.runners.model.ReflectiveCallable.run(ReflectiveCallable.java:12)
	at org.junit.runners.model.FrameworkMethod.invokeExplosively(FrameworkMethod.java:47)
	at org.junit.internal.runners.statements.InvokeMethod.evaluate(InvokeMethod.java:17)
	at org.junit.internal.runners.statements.RunBefores.evaluate(RunBefores.java:26)
	at org.junit.internal.runners.statements.RunAfters.evaluate(RunAfters.java:27)
	at org.junit.rules.TestWatcher$1.evaluate(TestWatcher.java:55)
	at org.junit.rules.RunRules.evaluate(RunRules.java:20)
	at org.junit.runners.ParentRunner.runLeaf(ParentRunner.java:325)
	at org.junit.runners.BlockJUnit4ClassRunner.runChild(BlockJUnit4ClassRunner.java:78)
	at org.junit.runners.BlockJUnit4ClassRunner.runChild(BlockJUnit4ClassRunner.java:57)
	at org.junit.runners.ParentRunner$3.run(ParentRunner.java:290)
	at org.junit.runners.ParentRunner$1.schedule(ParentRunner.java:71)
	at org.junit.runners.ParentRunner.runChildren(ParentRunner.java:288)
	at org.junit.runners.ParentRunner.access$000(ParentRunner.java:58)
	at org.junit.runners.ParentRunner$2.evaluate(ParentRunner.java:268)
	at org.junit.runners.ParentRunner.run(ParentRunner.java:363)
	at org.junit.runners.Suite.runChild(Suite.java:128)
	at org.junit.runners.Suite.runChild(Suite.java:27)
	at org.junit.runners.ParentRunner$3.run(ParentRunner.java:290)
	at org.junit.runners.ParentRunner$1.schedule(ParentRunner.java:71)
	at org.junit.runners.ParentRunner.runChildren(ParentRunner.java:288)
	at org.junit.runners.ParentRunner.access$000(ParentRunner.java:58)
	at org.junit.runners.ParentRunner$2.evaluate(ParentRunner.java:268)
	at org.junit.runners.ParentRunner.run(ParentRunner.java:363)
	at org.apache.maven.surefire.junit4.JUnit4Provider.execute(JUnit4Provider.java:367)
	at org.apache.maven.surefire.junit4.JUnit4Provider.executeWithRerun(JUnit4Provider.java:274)
	at org.apache.maven.surefire.junit4.JUnit4Provider.executeTestSet(JUnit4Provider.java:238)
	at org.apache.maven.surefire.junit4.JUnit4Provider.invoke(JUnit4Provider.java:161)
	at org.apache.maven.surefire.booter.ForkedBooter.invokeProviderInSameClassLoader(ForkedBooter.java:290)
	at org.apache.maven.surefire.booter.ForkedBooter.runSuitesInProcess(ForkedBooter.java:242)
	at org.apache.maven.surefire.booter.ForkedBooter.main(ForkedBooter.java:121)
</stack-trace>
            </failure>
            <steps>
                <step start="1489958682012" stop="1489958689623" status="passed">
                    <name>openMainPage</name>
                    <title>Opening main page ROZETKA</title>
                </step>
                <step start="1489958689677" stop="1489958689677" status="passed">
                    <name>getMainTitle</name>
                    <title>Is title corect</title>
                </step>
                <step start="1489958689956" stop="1489958690240" status="passed">
                    <name>isNotificationPanelIsPresent</name>
                    <title>Checks is notafication panel is on the page</title>
                </step>
                <step start="1489958690639" stop="1489958690914" status="passed">
                    <name>clickMenuSmartphonesTvElectronic</name>
                    <title>Clicking menu smart phones, TV, electronic</title>
                </step>
                <step start="1489958691274" stop="1489958691738" status="passed">
                    <name>clickMenuSmartPhones</name>
                    <title>Clicking menu mobile phones</title>
                </step>
                <step start="1489958691751" stop="1489958703618" status="passed">
                    <name>typeMaxPrice[6000]</name>
                    <title>Typing max price : 6000</title>
                </step>
                <step start="1489958703620" stop="1489958717936" status="passed">
                    <name>clickPriceOkButton</name>
                    <title>Click button "OK" for price filter</title>
                </step>
                <step start="1489958717940" stop="1489958718186" status="broken">
                    <name>isMainPriceLowerThan[6000]</name>
                    <title>Checks if price is lower than: 6,000</title>
                </step>
            </steps>
            <attachments/>
            <labels>
                <label name="host" value="linux-ro"/>
                <label name="thread" value="11911@linux-ro.main(1)"/>
            </labels>
        </test-case>
    </test-cases>
    <labels>
        <label name="framework" value="JUnit"/>
        <label name="language" value="JAVA"/>
    </labels>
</ns2:test-suite>
