-------------------------------------------------------------------------------
Test set: com.rozetka.ParentTest
-------------------------------------------------------------------------------
Tests run: 1, Failures: 0, Errors: 1, Skipped: 0, Time elapsed: 0.395 sec <<< FAILURE! - in com.rozetka.ParentTest
initializationError(com.rozetka.ParentTest)  Time elapsed: 0.029 sec  <<< ERROR!
java.lang.Exception: No runnable methods

